<?xml version="1.0" encoding="UTF-8"?>
<!-- Generated by org.testng.reporters.JUnitXMLReporter -->
<testsuite ignored="1" hostname="Suresh" failures="0" tests="1" name="Error Validations Test" time="7.993" errors="0" timestamp="2024-07-17T16:53:56 IST">
  <testcase classname="SK_selenium.tests.ErrorValidations" name="LoginErrorValidation" time="0.342"/>
  <testcase classname="SK_selenium.tests.ErrorValidations" name="ProductErrorVlidation" time="0.0">
    <ignored/>
  </testcase> <!-- ProductErrorVlidation -->
</testsuite> <!-- Error Validations Test -->
