<?xml version="1.0" encoding="UTF-8"?>
<!-- Generated by org.testng.reporters.JUnitXMLReporter -->
<testsuite ignored="0" hostname="Suresh" failures="0" tests="2" name="Error Validations Test" time="11.205" errors="0" timestamp="2024-07-17T21:34:22 IST">
  <testcase classname="SK_selenium.tests.ErrorValidations" name="LoginErrorValidation" time="0.523"/>
  <testcase classname="SK_selenium.tests.ErrorValidations" name="ProductErrorVlidation" time="4.151"/>
</testsuite> <!-- Error Validations Test -->
