<?xml version="1.0" encoding="UTF-8"?>
<!-- Generated by org.testng.reporters.JUnitXMLReporter -->
<testsuite ignored="2" hostname="Suresh" failures="0" tests="0" time="0.005" errors="0" timestamp="2024-07-17T16:56:59 IST">
  <testcase classname="SK_selenium.tests.submitOrder" name="E_CommerceTest" time="0.0">
    <ignored/>
  </testcase> <!-- E_CommerceTest -->
  <testcase classname="SK_selenium.tests.submitOrder" name="OrderHistortTest" time="0.0">
    <ignored/>
  </testcase> <!-- OrderHistortTest -->
</testsuite>
