<?xml version="1.0" encoding="UTF-8"?>
<!-- Generated by org.testng.reporters.JUnitXMLReporter -->
<testsuite ignored="0" hostname="Suresh" failures="0" tests="3" name="Submit Order Test" time="24.724" errors="0" timestamp="2024-07-17T21:34:11 IST">
  <testcase classname="SK_selenium.tests.submitOrder" name="E_CommerceTest" time="6.53"/>
  <testcase classname="SK_selenium.tests.submitOrder" name="E_CommerceTest" time="4.845"/>
  <testcase classname="SK_selenium.tests.submitOrder" name="OrderHistortTest" time="0.58"/>
</testsuite> <!-- Submit Order Test -->
