<?xml version="1.0" encoding="UTF-8"?>
<testng-results ignored="0" total="2" passed="2" failed="0" skipped="0">
  <reporter-output>
  </reporter-output>
  <suite started-at="2024-07-20T11:29:55 IST" name="Surefire suite" finished-at="2024-07-20T11:30:16 IST" duration-ms="20743">
    <groups>
      <group name="cucumber">
        <method signature="AbstractTestNGCucumberTests.runScenario(io.cucumber.testng.PickleWrapper,io.cucumber.testng.FeatureWrapper)[pri:0, instance:cucumber.TestNgTestRunner@5c1a8622]" name="runScenario" class="io.cucumber.testng.AbstractTestNGCucumberTests"/>
      </group> <!-- cucumber -->
    </groups>
    <test started-at="2024-07-20T11:29:55 IST" name="Surefire test" finished-at="2024-07-20T11:30:16 IST" duration-ms="20743">
      <class name="cucumber.TestNgTestRunner">
        <test-method is-config="true" signature="setUpClass(org.testng.ITestContext)[pri:0, instance:cucumber.TestNgTestRunner@5c1a8622]" started-at="2024-07-20T11:29:55 IST" name="setUpClass" finished-at="2024-07-20T11:29:55 IST" duration-ms="398" status="PASS">
          <params>
            <param index="0">
              <value>
                <![CDATA[org.testng.TestRunner@cf67838]]>
              </value>
            </param>
          </params>
          <reporter-output>
          </reporter-output>
        </test-method> <!-- setUpClass -->
        <test-method signature="runScenario(io.cucumber.testng.PickleWrapper,io.cucumber.testng.FeatureWrapper)[pri:0, instance:cucumber.TestNgTestRunner@5c1a8622]" started-at="2024-07-20T11:29:55 IST" name="runScenario" description="Runs Cucumber Scenarios" data-provider="scenarios" finished-at="2024-07-20T11:30:08 IST" duration-ms="12210" status="PASS">
          <params>
            <param index="0">
              <value>
                <![CDATA["Positive Test of Submitting the Order"]]>
              </value>
            </param>
            <param index="1">
              <value>
                <![CDATA["Purchase the Order form Ecommerece Website"]]>
              </value>
            </param>
          </params>
          <reporter-output>
          </reporter-output>
        </test-method> <!-- runScenario -->
        <test-method signature="runScenario(io.cucumber.testng.PickleWrapper,io.cucumber.testng.FeatureWrapper)[pri:0, instance:cucumber.TestNgTestRunner@5c1a8622]" started-at="2024-07-20T11:30:08 IST" name="runScenario" description="Runs Cucumber Scenarios" data-provider="scenarios" finished-at="2024-07-20T11:30:16 IST" duration-ms="8055" status="PASS">
          <params>
            <param index="0">
              <value>
                <![CDATA["Positive Test of Submitting the Order"]]>
              </value>
            </param>
            <param index="1">
              <value>
                <![CDATA["Purchase the Order form Ecommerece Website"]]>
              </value>
            </param>
          </params>
          <reporter-output>
          </reporter-output>
        </test-method> <!-- runScenario -->
        <test-method is-config="true" signature="tearDownClass()[pri:0, instance:cucumber.TestNgTestRunner@5c1a8622]" started-at="2024-07-20T11:30:16 IST" name="tearDownClass" finished-at="2024-07-20T11:30:16 IST" duration-ms="42" status="PASS">
          <reporter-output>
          </reporter-output>
        </test-method> <!-- tearDownClass -->
      </class> <!-- cucumber.TestNgTestRunner -->
    </test> <!-- Surefire test -->
  </suite> <!-- Surefire suite -->
</testng-results>
